Epoch 0/29
----------
train Loss: 1.2607 Acc (category): 0.0142
val Loss: 1.0887 Acc (category): 0.0650

Epoch 1/29
----------
train Loss: 1.0733 Acc (category): 0.0709
val Loss: 0.8495 Acc (category): 0.1881

Epoch 2/29
----------
train Loss: 0.9744 Acc (category): 0.1214
val Loss: 0.7443 Acc (category): 0.2685

Epoch 3/29
----------
train Loss: 0.9250 Acc (category): 0.1605
val Loss: 0.6726 Acc (category): 0.3286

Epoch 4/29
----------
train Loss: 0.8929 Acc (category): 0.1789
val Loss: 0.6746 Acc (category): 0.3259

Epoch 5/29
----------
train Loss: 0.8762 Acc (category): 0.1921
val Loss: 0.6303 Acc (category): 0.3689

Epoch 6/29
----------
train Loss: 0.8588 Acc (category): 0.2068
val Loss: 0.6140 Acc (category): 0.3824

Epoch 7/29
----------
train Loss: 0.7857 Acc (category): 0.2612
val Loss: 0.5649 Acc (category): 0.4346

Epoch 8/29
----------
train Loss: 0.7692 Acc (category): 0.2721
val Loss: 0.5624 Acc (category): 0.4401

Epoch 9/29
----------
train Loss: 0.7638 Acc (category): 0.2765
val Loss: 0.5359 Acc (category): 0.4556

Epoch 10/29
----------
train Loss: 0.7599 Acc (category): 0.2835
val Loss: 0.5664 Acc (category): 0.4332

Epoch 11/29
----------
train Loss: 0.7529 Acc (category): 0.2890
val Loss: 0.5369 Acc (category): 0.4621

Epoch 12/29
----------
train Loss: 0.7499 Acc (category): 0.2913
val Loss: 0.5735 Acc (category): 0.4343

Epoch 13/29
----------
train Loss: 0.7449 Acc (category): 0.2907
val Loss: 0.5426 Acc (category): 0.4565

Epoch 14/29
----------
train Loss: 0.7347 Acc (category): 0.2984
val Loss: 0.5479 Acc (category): 0.4546

Epoch 15/29
----------
train Loss: 0.7348 Acc (category): 0.3006
val Loss: 0.5384 Acc (category): 0.4626

Epoch 16/29
----------
train Loss: 0.7318 Acc (category): 0.3020
val Loss: 0.5318 Acc (category): 0.4602

Epoch 17/29
----------
train Loss: 0.7326 Acc (category): 0.3052
val Loss: 0.5659 Acc (category): 0.4387

Epoch 18/29
----------
train Loss: 0.7310 Acc (category): 0.3055
val Loss: 0.5534 Acc (category): 0.4472

Epoch 19/29
----------
train Loss: 0.7306 Acc (category): 0.3049
val Loss: 0.5560 Acc (category): 0.4476

Epoch 20/29
----------
train Loss: 0.7308 Acc (category): 0.3036
val Loss: 0.5455 Acc (category): 0.4555

Epoch 21/29
----------
train Loss: 0.7299 Acc (category): 0.3020
val Loss: 0.5389 Acc (category): 0.4596

Epoch 22/29
----------
train Loss: 0.7309 Acc (category): 0.3055
val Loss: 0.5410 Acc (category): 0.4515

Epoch 23/29
----------
train Loss: 0.7310 Acc (category): 0.3009
val Loss: 0.5531 Acc (category): 0.4494

Epoch 24/29
----------
train Loss: 0.7288 Acc (category): 0.3037
val Loss: 0.5346 Acc (category): 0.4692

Epoch 25/29
----------
train Loss: 0.7280 Acc (category): 0.3070
val Loss: 0.5497 Acc (category): 0.4508

Epoch 26/29
----------
train Loss: 0.7326 Acc (category): 0.3056
val Loss: 0.5316 Acc (category): 0.4657

Epoch 27/29
----------
train Loss: 0.7249 Acc (category): 0.3072
val Loss: 0.5325 Acc (category): 0.4703

Epoch 28/29
----------
train Loss: 0.7267 Acc (category): 0.3038
val Loss: 0.5517 Acc (category): 0.4501

Epoch 29/29
----------
train Loss: 0.7300 Acc (category): 0.3051
val Loss: 0.5208 Acc (category): 0.4795

Training complete in 75m 26s
Best val Acc: 0.479547
