Epoch 0/29
----------
train Loss: 1.2745 Acc (category): 0.0076
val Loss: 1.2560 Acc (category): 0.0113

Epoch 1/29
----------
train Loss: 1.2285 Acc (category): 0.0133
val Loss: 1.2301 Acc (category): 0.0108

Epoch 2/29
----------
train Loss: 1.1873 Acc (category): 0.0200
val Loss: 1.1465 Acc (category): 0.0280

Epoch 3/29
----------
train Loss: 1.1501 Acc (category): 0.0276
val Loss: 1.1238 Acc (category): 0.0334

Epoch 4/29
----------
train Loss: 1.1257 Acc (category): 0.0381
val Loss: 1.1220 Acc (category): 0.0461

Epoch 5/29
----------
train Loss: 1.1022 Acc (category): 0.0445
val Loss: 1.0678 Acc (category): 0.0608

Epoch 6/29
----------
train Loss: 1.0756 Acc (category): 0.0585
val Loss: 1.0303 Acc (category): 0.0771

Epoch 7/29
----------
train Loss: 1.0037 Acc (category): 0.0937
val Loss: 0.9617 Acc (category): 0.1175

Epoch 8/29
----------
train Loss: 0.9838 Acc (category): 0.1071
val Loss: 0.9429 Acc (category): 0.1302

Epoch 9/29
----------
train Loss: 0.9698 Acc (category): 0.1144
val Loss: 0.9268 Acc (category): 0.1364

Epoch 10/29
----------
train Loss: 0.9591 Acc (category): 0.1176
val Loss: 0.9273 Acc (category): 0.1400

Epoch 11/29
----------
train Loss: 0.9494 Acc (category): 0.1260
val Loss: 0.9049 Acc (category): 0.1526

Epoch 12/29
----------
train Loss: 0.9374 Acc (category): 0.1333
val Loss: 0.8807 Acc (category): 0.1659

Epoch 13/29
----------
train Loss: 0.9248 Acc (category): 0.1438
val Loss: 0.8707 Acc (category): 0.1725

Epoch 14/29
----------
train Loss: 0.8967 Acc (category): 0.1624
val Loss: 0.8529 Acc (category): 0.1858

Epoch 15/29
----------
train Loss: 0.8917 Acc (category): 0.1652
val Loss: 0.8445 Acc (category): 0.1914

Epoch 16/29
----------
train Loss: 0.8888 Acc (category): 0.1638
val Loss: 0.8455 Acc (category): 0.1915

Epoch 17/29
----------
train Loss: 0.8848 Acc (category): 0.1671
val Loss: 0.8380 Acc (category): 0.1961

Epoch 18/29
----------
train Loss: 0.8821 Acc (category): 0.1708
val Loss: 0.8367 Acc (category): 0.1981

Epoch 19/29
----------
train Loss: 0.8796 Acc (category): 0.1737
val Loss: 0.8359 Acc (category): 0.1976

Epoch 20/29
----------
train Loss: 0.8757 Acc (category): 0.1752
val Loss: 0.8345 Acc (category): 0.1971

Epoch 21/29
----------
train Loss: 0.8710 Acc (category): 0.1789
val Loss: 0.8304 Acc (category): 0.2041

Epoch 22/29
----------
train Loss: 0.8735 Acc (category): 0.1796
val Loss: 0.8301 Acc (category): 0.2045

Epoch 23/29
----------
train Loss: 0.8701 Acc (category): 0.1800
val Loss: 0.8290 Acc (category): 0.2073

Epoch 24/29
----------
train Loss: 0.8703 Acc (category): 0.1795
val Loss: 0.8284 Acc (category): 0.2047

Epoch 25/29
----------
train Loss: 0.8717 Acc (category): 0.1780
val Loss: 0.8293 Acc (category): 0.2062

Epoch 26/29
----------
train Loss: 0.8717 Acc (category): 0.1792
val Loss: 0.8281 Acc (category): 0.2073

Epoch 27/29
----------
train Loss: 0.8722 Acc (category): 0.1753
val Loss: 0.8275 Acc (category): 0.2066

Epoch 28/29
----------
train Loss: 0.8685 Acc (category): 0.1793
val Loss: 0.8272 Acc (category): 0.2070

Epoch 29/29
----------
train Loss: 0.8689 Acc (category): 0.1781
val Loss: 0.8274 Acc (category): 0.2080

Training complete in 279m 40s
Best val Acc: 0.207953
