Epoch 0/29
----------
train Loss: 0.9847 Acc (category): 0.1379
val Loss: 0.7064 Acc (category): 0.3102

Epoch 1/29
----------
train Loss: 0.8454 Acc (category): 0.2259
val Loss: 0.7011 Acc (category): 0.3313

Epoch 2/29
----------
train Loss: 0.8286 Acc (category): 0.2562
val Loss: 0.6632 Acc (category): 0.3717

Epoch 3/29
----------
train Loss: 0.8325 Acc (category): 0.2642
val Loss: 0.6442 Acc (category): 0.3980

Epoch 4/29
----------
train Loss: 0.8491 Acc (category): 0.2645
val Loss: 0.6869 Acc (category): 0.3807

Epoch 5/29
----------
train Loss: 0.8637 Acc (category): 0.2595
val Loss: 0.7395 Acc (category): 0.3594

Epoch 6/29
----------
train Loss: 0.8916 Acc (category): 0.2593
val Loss: 0.7420 Acc (category): 0.3652

Epoch 7/29
----------
train Loss: 0.7485 Acc (category): 0.3320
val Loss: 0.6085 Acc (category): 0.4774

Epoch 8/29
----------
train Loss: 0.6747 Acc (category): 0.3770
val Loss: 0.5734 Acc (category): 0.4982

Epoch 9/29
----------
train Loss: 0.6519 Acc (category): 0.3888
val Loss: 0.5523 Acc (category): 0.5175

Epoch 10/29
----------
train Loss: 0.6320 Acc (category): 0.4053
val Loss: 0.5385 Acc (category): 0.5241

Epoch 11/29
----------
train Loss: 0.6086 Acc (category): 0.4211
val Loss: 0.5184 Acc (category): 0.5339

Epoch 12/29
----------
train Loss: 0.5964 Acc (category): 0.4267
val Loss: 0.5117 Acc (category): 0.5401

Epoch 13/29
----------
train Loss: 0.5873 Acc (category): 0.4307
val Loss: 0.4954 Acc (category): 0.5463

Epoch 14/29
----------
train Loss: 0.5710 Acc (category): 0.4493
val Loss: 0.4918 Acc (category): 0.5494

Epoch 15/29
----------
train Loss: 0.5687 Acc (category): 0.4470
val Loss: 0.4889 Acc (category): 0.5508

Epoch 16/29
----------
train Loss: 0.5654 Acc (category): 0.4550
val Loss: 0.4860 Acc (category): 0.5531

Epoch 17/29
----------
train Loss: 0.5645 Acc (category): 0.4521
val Loss: 0.4833 Acc (category): 0.5500

Epoch 18/29
----------
train Loss: 0.5635 Acc (category): 0.4520
val Loss: 0.4813 Acc (category): 0.5537

Epoch 19/29
----------
train Loss: 0.5582 Acc (category): 0.4524
val Loss: 0.4794 Acc (category): 0.5536

Epoch 20/29
----------
train Loss: 0.5598 Acc (category): 0.4571
val Loss: 0.4778 Acc (category): 0.5541

Epoch 21/29
----------
train Loss: 0.5567 Acc (category): 0.4579
val Loss: 0.4777 Acc (category): 0.5538

Epoch 22/29
----------
train Loss: 0.5540 Acc (category): 0.4587
val Loss: 0.4776 Acc (category): 0.5538

Epoch 23/29
----------
train Loss: 0.5549 Acc (category): 0.4593
val Loss: 0.4773 Acc (category): 0.5540

Epoch 24/29
----------
train Loss: 0.5567 Acc (category): 0.4557
val Loss: 0.4773 Acc (category): 0.5545

Epoch 25/29
----------
train Loss: 0.5518 Acc (category): 0.4586
val Loss: 0.4771 Acc (category): 0.5547

Epoch 26/29
----------
train Loss: 0.5568 Acc (category): 0.4531
val Loss: 0.4769 Acc (category): 0.5549

Epoch 27/29
----------
train Loss: 0.5502 Acc (category): 0.4613
val Loss: 0.4767 Acc (category): 0.5555

Epoch 28/29
----------
train Loss: 0.5572 Acc (category): 0.4566
val Loss: 0.4767 Acc (category): 0.5555

Epoch 29/29
----------
train Loss: 0.5532 Acc (category): 0.4610
val Loss: 0.4767 Acc (category): 0.5558

Training complete in 149m 36s
Best val Acc: 0.555752
